<?xml version="1.0" encoding="UTF-8"?>
<!-- Generated by org.testng.reporters.JUnitReportReporter -->
<testsuite hostname="DESKTOP-39G43KO" failures="0" tests="2" name="MySessions.MySession.startbatch" time="52.069" errors="0" timestamp="2022-04-10T15:51:23 IST" skipped="0">
  <testcase classname="MySessions.MySession.startbatch" name="delete" time="0.003"/>
  <system-out/>
  <testcase classname="MySessions.MySession.startbatch" name="batchFile" time="52.066"/>
  <system-out/>
</testsuite> <!-- MySessions.MySession.startbatch -->
