<?xml version="1.0" encoding="UTF-8"?>
<!-- Generated by org.testng.reporters.JUnitReportReporter -->
<testsuite hostname="DESKTOP-39G43KO" failures="0" tests="1" name="com.demo.scripts.LoginLogout" time="6.145" errors="0" timestamp="2022-04-26T17:13:54 IST" skipped="0">
  <testcase classname="com.demo.scripts.LoginLogout" name="loginintoApplication" time="6.145"/>
  <system-out/>
</testsuite> <!-- com.demo.scripts.LoginLogout -->
