<?xml version="1.0" encoding="UTF-8"?>
<!-- Generated by org.testng.reporters.JUnitReportReporter -->
<testsuite hostname="DESKTOP-39G43KO" failures="0" tests="1" name="com.demo.scripts.Logininto" time="33.836" errors="0" timestamp="2021-11-07T12:37:38 IST" skipped="0">
  <testcase classname="com.demo.scripts.Logininto" name="loginintoApplication" time="33.836"/>
  <system-out/>
</testsuite> <!-- com.demo.scripts.Logininto -->
